1543384859682	mozrunner::runner	INFO	Running command: "C:\\Program Files\\Mozilla Firefox\\firefox.exe" "-marionette" "-foreground" "-no-remote" "-profile" "C:\\Users\\TK-LPT~1\\AppData\\Local\\Temp\\rust_mozprofile.gjslAZWKjHhj"
1543384871769	Marionette	INFO	Listening on port 60097
1543384872278	Marionette	WARN	TLS certificate errors will be ignored for this session
1543384872372	Marionette	DEBUG	[4294967297] Frame script loaded
1543384872472	Marionette	DEBUG	[4294967297] Frame script registered
1543384872624	Marionette	DEBUG	[4294967297] Received DOM event beforeunload for about:blank
1543384886602	Marionette	DEBUG	[4294967297] Received DOM event pagehide for about:blank
1543384888180	Marionette	DEBUG	[4294967297] Received DOM event DOMContentLoaded for https://www.google.com/
1543384890607	Marionette	DEBUG	[4294967297] Received DOM event pageshow for https://www.google.com/
[Parent 13116, Gecko_IOThread] WARNING: pipe error: 109: file z:/build/build/src/ipc/chromium/src/chrome/common/ipc_channel_win.cc, line 346
[Parent 13116, Gecko_IOThread] WARNING: pipe error: 109: file z:/build/build/src/ipc/chromium/src/chrome/common/ipc_channel_win.cc, line 346
[[Parent 13116, Gecko_IOThread] WARNING: pipe error: 109: file z:/build/build/src/ipc/chromium/src/chrome/common/ipc_channel_win.cc, line 346
[Child 9188, Chrome_ChildThread] WARNING: pipe error: 109: file z:/build/build/src/ipc/chromium/src/chrome/common/ipc_channel_win.cc, line 346
[Child 911543384904516	Marionette	INFO	Stopped listening on port 60097
[GPU 11728, 
###!!! [Child][MessageChannel::SendAndWait] Error: Channel error: cannot send/recv

1543414558857	mozrunner::runner	INFO	Running command: "C:\\Program Files\\Mozilla Firefox\\firefox.exe" "-marionette" "-foreground" "-no-remote" "-profile" "C:\\Users\\TK-LPT~1\\AppData\\Local\\Temp\\rust_mozprofile.tBXqLRJFkfLc"
1543414569637	Marionette	INFO	Listening on port 63258
1543414570625	Marionette	WARN	TLS certificate errors will be ignored for this session
1543414570731	Marionette	DEBUG	[6442450945] Frame script loaded
1543414570762	Marionette	DEBUG	[6442450945] Frame script registered
1543414571301	Marionette	DEBUG	[6442450945] Received DOM event beforeunload for about:blank
1543414573292	Marionette	DEBUG	[6442450945] Received DOM event pagehide for about:blank
1543414573761	Marionette	DEBUG	[6442450945] Received DOM event DOMContentLoaded for https://www.google.com/
1543414575349	Marionette	DEBUG	[6442450945] Received DOM event pageshow for https://www.google.com/
[Child 19376, Chrome_ChildThread] WARNING: pipe error: 109: file z:/build/build/src/ipc/chromium/src/chrome/common/ipc_channel_win.cc, line 346
[Child 19376, Chrome_ChildThread] WARNING: pipe error: 109: file z:/build/build/src/ipc/chromium/src/chrome/common/ipc_channel_win.cc, line 346
[Parent 980, Gecko_IOThread] WARNING: pipe error: 109: file z:/build/build/src/ipc/chromium/src/chrome/common/ipc_channel_win.cc, line 346
[Child 15868, Chrome_ChildThread] WARNING: pipe error: 109: file z:/build/build/src/ipc/chromium/src/chrome/common/ipc_channel_win.cc, line 346
[Child 15868, Chrome_ChildThread] WARNING: pipe error: 109: file z:/build/build/src/ipc/chromium/src/chrome/common/ipc_channel_win.cc, line 346
1543414860865	Marionette	INFO	Stopped listening on port 63258
[GPU 19732
###!!! [Child][MessageChannel::SendAndWait] Error: Channel error: cannot send/recv

1543477750931	mozrunner::runner	INFO	Running command: "C:\\Program Files\\Mozilla Firefox\\firefox.exe" "-marionette" "-foreground" "-no-remote" "-profile" "C:\\Users\\TK-LPT~1\\AppData\\Local\\Temp\\rust_mozprofile.9mxKBghNbUZx"
1543477756399	Marionette	INFO	Listening on port 64297
1543477756506	Marionette	WARN	TLS certificate errors will be ignored for this session
1543477756690	Marionette	DEBUG	[6442450945] Frame script loaded
1543477756701	Marionette	DEBUG	[6442450945] Frame script registered
1543477756719	Marionette	DEBUG	[6442450945] Received DOM event beforeunload for about:blank
1543477758876	Marionette	DEBUG	[6442450945] Received DOM event pagehide for about:blank
1543477759047	Marionette	DEBUG	[6442450945] Received DOM event DOMContentLoaded for https://www.google.com/
1543477760206	Marionette	DEBUG	[6442450945] Received DOM event pageshow for https://www.google.com/
[Parent 20228, Gecko_IOThread] WARNING: pipe error: 109: file z:/build/build/src/ipc/chromium/src/chrome/common/ipc_channel_win.cc, line 346
[Parent 20228, Gecko_IOThread] WARNING: pipe error: 109: file z:/build/build/src/ipc/chromium/src/chrome/common/ipc_channel_win.cc, line 346
[Child 15788, Chrome_ChildThread] WARNING: pipe error: 109: file z:/build/build/src/ipc/chromium/src/chrome/common/ipc_channel_win.cc, line 346
[Parent 20228, Gecko_IOThread] WARNING: pipe error: 109: file z:/build/build/src/ipc/chromium/src/chrome/common/ipc_channel_win.cc, line 346
1543477797550	Marionette	INFO	Stopped listening on port 64297
[GPU 16524, Chrome_ChildThread] WARNING: pipe error: 109: file z:/build/build/src/ipc/chromium/src/chrome/common/ipc_channel_win.cc, line 346

###!!! [Child][MessageChannel::SendAndWait] Error: Channel error: cannot send/recv

1543477803024	mozrunner::runner	INFO	Running command: "C:\\Program Files\\Mozilla Firefox\\firefox.exe" "-marionette" "-foreground" "-no-remote" "-profile" "C:\\Users\\TK-LPT~1\\AppData\\Local\\Temp\\rust_mozprofile.Q0OAqCMkUSkN"
1543477807308	Marionette	INFO	Listening on port 64343
1543477807449	Marionette	WARN	TLS certificate errors will be ignored for this session
1543477807541	Marionette	DEBUG	[6442450945] Frame script loaded
1543477807542	Marionette	DEBUG	[6442450945] Frame script registered
1543477807562	Marionette	DEBUG	[6442450945] Received DOM event beforeunload for about:blank
1543477809632	Marionette	DEBUG	[6442450945] Received DOM event pagehide for about:blank
1543477809782	Marionette	DEBUG	[6442450945] Received DOM event DOMContentLoaded for https://www.google.com/
1543477811357	Marionette	DEBUG	[6442450945] Received DOM event pageshow for https://www.google.com/
1543477811370	Marionette	INFO	Stopped listening on port 64343
[Parent 5292, Gecko_IOThread] WARNING: pipe error: 109: file z:/build/build/src/ipc/chromium/src/chrome/common/ipc_channel_win.cc, line 346
[GPU 4376
###!!! [Child][MessageChannel::SendAndWait] Error: Channel error: cannot send/recv

1543477874133	mozrunner::runner	INFO	Running command: "C:\\Program Files\\Mozilla Firefox\\firefox.exe" "-marionette" "-foreground" "-no-remote" "-profile" "C:\\Users\\TK-LPT~1\\AppData\\Local\\Temp\\rust_mozprofile.hNzhgXdbipQ0"
1543477877843	Marionette	INFO	Listening on port 64395
1543477878055	Marionette	WARN	TLS certificate errors will be ignored for this session
1543477878149	Marionette	DEBUG	[6442450945] Frame script loaded
1543477878150	Marionette	DEBUG	[6442450945] Frame script registered
1543477878180	Marionette	DEBUG	[6442450945] Received DOM event beforeunload for about:blank
1543477880265	Marionette	DEBUG	[6442450945] Received DOM event pagehide for about:blank
1543477880420	Marionette	DEBUG	[6442450945] Received DOM event DOMContentLoaded for https://www.google.com/
1543477881939	Marionette	DEBUG	[6442450945] Received DOM event pageshow for https://www.google.com/
1543477881963	Marionette	INFO	Stopped listening on port 64395
[Child 12040, Chrome_ChildThread] WARNING: pipe error: 232: file z:/build/build/src/ipc/chromium/src/chrome/common/ipc_channel_win.cc, line 513
[Child 2624, Chrome_ChildThread] WARNING: pipe error: 109: file z:/build/build/src/ipc/chromium/src/chrome/common/ipc_channel_win.cc, line 346[
Child 12040, Chrome_Chil[Child 2624, ChdThread] WARNING: pipe error: 232: file z:/build/build/src/ipc/chromium/src/chrome/common/ipc_channel_win.cc, line 513
[Child 12040, Chrome_ChildThread] WARNING: pipe error: 109: file z:/build/build/src/ipc/chromium/src/chrome/common/ipc_channel_win.cc, line 346
[Parent 1924, Gecko_IOThread] WARNING: pipe error: 109: file z:/build/build/src/ipc/chromium/src/chrome/common/ipc_channel_win.cc, line 346

###!!! [Child][MessageChannel::SendAndWait] Error: Channel error: cannot send/recv

1543477894741	mozrunner::runner	INFO	Running command: "C:\\Program Files\\Mozilla Firefox\\firefox.exe" "-marionette" "-foreground" "-no-remote" "-profile" "C:\\Users\\TK-LPT~1\\AppData\\Local\\Temp\\rust_mozprofile.m11r7vnnZZqz"
IPDL protocol error: Handler returned error code!

###!!! [Parent][DispatchAsyncMessage] Error: PLayerTransaction::Msg_ReleaseLayer Processing error: message was deserialized, but the handler returned false (indicating failure)

1543477898501	Marionette	INFO	Listening on port 64439
1543477898633	Marionette	WARN	TLS certificate errors will be ignored for this session
1543477898724	Marionette	DEBUG	[6442450945] Frame script loaded
1543477898725	Marionette	DEBUG	[6442450945] Frame script registered
1543477898750	Marionette	DEBUG	[6442450945] Received DOM event beforeunload for about:blank
1543477900808	Marionette	DEBUG	[6442450945] Received DOM event pagehide for about:blank
1543477900992	Marionette	DEBUG	[6442450945] Received DOM event DOMContentLoaded for https://www.google.com/
1543477902791	Marionette	DEBUG	[6442450945] Received DOM event pageshow for https://www.google.com/
[Child 19508, Chrome_ChildThread] WARNING: pipe error: 109: file z:/build/build/src/ipc/chromium/src/chrome/common/ipc_channel_win.cc, line 346
[Child 1[Parent 9612, Gecko_IOThread] WARNING: pipe error: 109: file z:/build/build/src/ipc/chromium/src/chrome/common/ipc_channel_win.cc, line 346
1543477911130	Marionette	INFO	Stopped listening on port 64439

###!!! [Child][MessageChannel::SendAndWait] Error: Channel error: cannot send/recv

1543477957037	mozrunner::runner	INFO	Running command: "C:\\Program Files\\Mozilla Firefox\\firefox.exe" "-marionette" "-foreground" "-no-remote" "-profile" "C:\\Users\\TK-LPT~1\\AppData\\Local\\Temp\\rust_mozprofile.5bi8geqlzgN2"
1543477960555	Marionette	INFO	Listening on port 64484
1543477960958	Marionette	WARN	TLS certificate errors will be ignored for this session
1543477961061	Marionette	DEBUG	[6442450945] Frame script loaded
1543477961062	Marionette	DEBUG	[6442450945] Frame script registered
1543477961083	Marionette	DEBUG	[6442450945] Received DOM event beforeunload for about:blank
1543477962954	Marionette	DEBUG	[6442450945] Received DOM event pagehide for about:blank
1543477963118	Marionette	DEBUG	[6442450945] Received DOM event DOMContentLoaded for https://www.google.com/
1543477964912	Marionette	DEBUG	[6442450945] Received DOM event pageshow for https://www.google.com/
1543477965045	Marionette	INFO	Stopped listening on port 64484
[Child 18644, Chrome_ChildThread] WARNING: pipe error: 109: file z:/build/build/src/ipc/chromium/src/chrome/common/ipc_channel_win.cc, line 346
[Child 18644, Chrome_ChildThread] WARNING: pipe error: 109: file z:/build/build/src/ipc/chromium/src/chrome/common/ipc_channel_win.cc, line 346
[Child 356, Chrome_ChildThread] WARNING: pipe error: 109: file z:/build/build/src/ipc/chromium/src/chrome/common/ipc_channel_win.cc, line 346
[Child 356, Chrome_ChildThread] WARN[Child 1580, Chrome_ChildThread] WARNING: pipe error: 109: file z:/build/build/src/ipc/chromium/src/chrome/common/ipc_channel_win.cc, line 346
[Child[GPU 18360
###!!! [Child][MessageChannel::SendAndWait] Error: Channel error: cannot send/recv

1543477979115	mozrunner::runner	INFO	Running command: "C:\\Program Files\\Mozilla Firefox\\firefox.exe" "-marionette" "-foreground" "-no-remote" "-profile" "C:\\Users\\TK-LPT~1\\AppData\\Local\\Temp\\rust_mozprofile.T7LxrvvgwYE6"
1543477983043	Marionette	INFO	Listening on port 64525
1543477983444	Marionette	WARN	TLS certificate errors will be ignored for this session
1543477983548	Marionette	DEBUG	[6442450945] Frame script loaded
1543477983551	Marionette	DEBUG	[6442450945] Frame script registered
1543477983565	Marionette	DEBUG	[6442450945] Received DOM event beforeunload for about:blank
1543477985478	Marionette	DEBUG	[6442450945] Received DOM event pagehide for about:blank
1543477985598	Marionette	DEBUG	[6442450945] Received DOM event DOMContentLoaded for https://www.google.com/
1543477987323	Marionette	DEBUG	[6442450945] Received DOM event pageshow for https://www.google.com/
console.error: BroadcastService: 
  receivedBroadcastMessage: handler for
  remote-settings/monitor_changes
  threw error:
  Message: Error: Polling for changes failed: NetworkError when attempting to fetch resource..
  Stack:
    remoteSettingsFunction/remoteSettings.pollChanges@resource://services-settings/remote-settings.js:711:13

[Parent 14456, Gecko_IOThread] WARNING: pipe error: 109: file z:/build/build/src/ipc/chromium/src/chrome/common/ipc_channel_win.cc, line 346
[Parent 14456, Gecko_IOThread] WARNING: pipe error: 109: file z:/build/build/src/ipc/chromium/src/chrome/common/ipc_channel_win.cc, line 346
[Parent 14456, Gecko_IOThread] WARNING: pipe error: 109: file z:/build/build/src/ipc/chromium/src/chrome/common/ipc_channel_win.cc, line 346
[Child 10596, Chrome_ChildThread] WARNING: pipe error: 109: file z:/build/build/src/ipc/chromium/src/chrome/common/ipc_channel_win.cc, line 346
[Child 10596[Parent 14456, Gecko_IOThread] WARNING: file z:/build/build/src/ipc/chromium/src/base/process_util_win.cc, line 188
1543498008242	Marionette	INFO	Stopped listening on port 64525
/build/src/ipc/chromium/src/chrome/common/ipc_channel_win.cc, line 346
[Child 18984, Chrome_ChildThread] WARNING: pipe error: 109: file z:/build/build/src/ipc/chromium/src/chrome/common/ipc_channel_win.cc, line 346
[Child 18984, Chrome_ChildThr1543478065462	Marionette	INFO	Stopped listening on port 64584
[GPU 183
###!!! [Child][MessageChannel::SendAndWait] Error: Channel error: cannot send/recv

1543478111106	mozrunner::runner	INFO	Running command: "C:\\Program Files\\Mozilla Firefox\\firefox.exe" "-marionette" "-foreground" "-no-remote" "-profile" "C:\\Users\\TK-LPT~1\\AppData\\Local\\Temp\\rust_mozprofile.pSlildQlg2Ha"
1543478115483	Marionette	INFO	Listening on port 64638
1543478115516	Marionette	WARN	TLS certificate errors will be ignored for this session
1543478115616	Marionette	DEBUG	[6442450945] Frame script loaded
1543478115646	Marionette	DEBUG	[6442450945] Frame script registered
1543478115668	Marionette	DEBUG	[6442450945] Received DOM event beforeunload for about:blank
1543478118260	Marionette	DEBUG	[6442450945] Received DOM event pagehide for about:blank
1543478118804	Marionette	DEBUG	[6442450945] Received DOM event DOMContentLoaded for https://www.google.com/
1543478119946	Marionette	DEBUG	[6442450945] Received DOM event pageshow for https://www.google.com/
[Parent 3560, Gecko_IOThread] WARNING: pipe error: 109: file z:/build/build/src/ipc/chromium/src/chrome/common/ipc_channel_win.cc, line 346
[Child 7984, Chrome_ChildThread] WARNING: pipe error: 109: file z:/build/build/src/ipc/chromium/src/chrome/common/ipc_channel_win.cc, line 346
[Child 7984, Chrome1543478133116	Marionette	INFO	Stopped listening on port 64638
[GPU 4164, Chrome_
###!!! [Child][MessageChannel::SendAndWait] Error: Channel error: cannot send/recv

1543478146122	mozrunner::runner	INFO	Running command: "C:\\Program Files\\Mozilla Firefox\\firefox.exe" "-marionette" "-foreground" "-no-remote" "-profile" "C:\\Users\\TK-LPT~1\\AppData\\Local\\Temp\\rust_mozprofile.hmluLA1biDa3"
1543478149850	Marionette	INFO	Listening on port 64686
1543478150067	Marionette	WARN	TLS certificate errors will be ignored for this session
1543478150177	Marionette	DEBUG	[6442450945] Frame script loaded
1543478150179	Marionette	DEBUG	[6442450945] Frame script registered
1543478150202	Marionette	DEBUG	[6442450945] Received DOM event beforeunload for about:blank
1543478152239	Marionette	DEBUG	[6442450945] Received DOM event pagehide for about:blank
1543478152410	Marionette	DEBUG	[6442450945] Received DOM event DOMContentLoaded for https://www.google.com/
1543478153610	Marionette	DEBUG	[6442450945] Received DOM event pageshow for https://www.google.com/
[Parent 4236, Gecko_IOThread] WARNING: pipe error: 109: file z:/build/build/src/ipc/chromium/src/chrome/common/ipc_channel_win.cc, line 346
[Parent 4236, Gecko_IOThread] WARNING: pipe error: 109: file z:/build/build/src/ipc/chromium/src/chrome/common/ipc_channel_win.cc, line 346
[Child 12864, Chrome_ChildThread] WARNING: pipe error: 109: file z:/build/build/src/ipc/chromium/src/chrome/common/ipc_channel_win.cc, line 346[
Child 12404, [CChrome_ChildThread] WARNING: pipe error: 109: file z:/build/build/src/ipc/chromium/src/chrome/common/ipc_channel_win.cc, line 346
[Child 11543478163179	Marionette	INFO	Stopped listening on port 64686
[GPU 1898
###!!! [Child][MessageChannel::SendAndWait] Error: Channel error: cannot send/recv

1543478181316	mozrunner::runner	INFO	Running command: "C:\\Program Files\\Mozilla Firefox\\firefox.exe" "-marionette" "-foreground" "-no-remote" "-profile" "C:\\Users\\TK-LPT~1\\AppData\\Local\\Temp\\rust_mozprofile.engcEgqirwJp"
IPDL protocol error: Handler returned error code!

###!!! [Parent][DispatchAsyncMessage] Error: PLayerTransaction::Msg_ReleaseLayer Processing error: message was deserialized, but the handler returned false (indicating failure)

1543478184712	Marionette	INFO	Listening on port 64732
1543478185183	Marionette	WARN	TLS certificate errors will be ignored for this session
1543478185293	Marionette	DEBUG	[6442450945] Frame script loaded
1543478185294	Marionette	DEBUG	[6442450945] Frame script registered
1543478185311	Marionette	DEBUG	[6442450945] Received DOM event beforeunload for about:blank
1543478187194	Marionette	DEBUG	[6442450945] Received DOM event pagehide for about:blank
1543478187395	Marionette	DEBUG	[6442450945] Received DOM event DOMContentLoaded for https://www.google.com/
1543478188835	Marionette	DEBUG	[6442450945] Received DOM event pageshow for https://www.google.com/
1543478188994	Marionette	INFO	Stopped listening on port 64732
[Child 7296, Chrome_ChildThread] WARNING: pipe error: 109: file z:/build/build/src/ipc/chromium/src/chrome/common/ipc_channel_win.cc, line 346
[Child 7296, Chrome_ChildThread] WARNIN[Parent 10284, Gecko_IOThread] WARNING: pipe error: 109: file z:/build/build/src/ipc/chromium/src/chrome/common/ipc_channel_win.cc, line 346
[GPU 12848, 
###!!! [Child][MessageChannel::SendAndWait] Error: Channel error: cannot send/recv

1543479130076	mozrunner::runner	INFO	Running command: "C:\\Program Files\\Mozilla Firefox\\firefox.exe" "-marionette" "-foreground" "-no-remote" "-profile" "C:\\Users\\TK-LPT~1\\AppData\\Local\\Temp\\rust_mozprofile.aaqlsVsJPOIE"
IPDL protocol error: Handler returned error code!

###!!! [Parent][DispatchAsyncMessage] Error: PLayerTransaction::Msg_ReleaseLayer Processing error: message was deserialized, but the handler returned false (indicating failure)

1543479134592	Marionette	INFO	Listening on port 64863
1543479135107	Marionette	WARN	TLS certificate errors will be ignored for this session
1543479135205	Marionette	DEBUG	[6442450945] Frame script loaded
1543479135291	Marionette	DEBUG	[6442450945] Frame script registered
1543479135311	Marionette	DEBUG	[6442450945] Received DOM event beforeunload for about:blank
1543479137208	Marionette	DEBUG	[6442450945] Received DOM event pagehide for about:blank
1543479137590	Marionette	DEBUG	[6442450945] Received DOM event DOMContentLoaded for https://www.google.com/
1543479138085	Marionette	DEBUG	[6442450945] Received DOM event pageshow for https://www.google.com/
1543479138203	Marionette	INFO	Stopped listening on port 64863
[Child 10560, Chrome_ChildThread] WARNING: pipe error: 109: file z:/build/build/src/ipc/chromium/src/chrome/common/ipc_channel_win.cc, line 346
[Child 10560, Chrome_ChildThread] WARNING: pipe error: 109: file z:/build/build/src/ipc/chromium/[Parent 18212, Gecko_IOThread] WARNING: pipe error: 109: file z:/build/build/src/ipc/chromium/src/chrome/common/ipc_channel_win.cc, line 346
[GPU 13972, Chr
###!!! [Child][MessageChannel::SendAndWait] Error: Channel error: cannot send/recv

